<?xml version="1.0" encoding="UTF-8"?>
<coverage generated="1703186731">
  <project timestamp="1703186731">
    <file name="/Users/mehdi/Sites/blindFoldTest/src/Controller/Request/UserPreferenceStoreRequest.php">
      <class name="BlindFoldTest\Controller\Request\UserPreferenceStoreRequest" namespace="global">
        <metrics complexity="3" methods="3" coveredmethods="0" conditionals="0" coveredconditionals="0" statements="10" coveredstatements="0" elements="13" coveredelements="0"/>
      </class>
      <line num="15" type="method" name="authorize" visibility="public" complexity="1" crap="2" count="0"/>
      <line num="17" type="stmt" count="0"/>
      <line num="25" type="method" name="rules" visibility="public" complexity="1" crap="2" count="0"/>
      <line num="27" type="stmt" count="0"/>
      <line num="28" type="stmt" count="0"/>
      <line num="29" type="stmt" count="0"/>
      <line num="30" type="stmt" count="0"/>
      <line num="31" type="stmt" count="0"/>
      <line num="32" type="stmt" count="0"/>
      <line num="35" type="method" name="failedValidation" visibility="protected" complexity="1" crap="2" count="0"/>
      <line num="37" type="stmt" count="0"/>
      <line num="38" type="stmt" count="0"/>
      <line num="39" type="stmt" count="0"/>
      <metrics loc="42" ncloc="34" classes="1" methods="3" coveredmethods="0" conditionals="0" coveredconditionals="0" statements="10" coveredstatements="0" elements="13" coveredelements="0"/>
    </file>
    <file name="/Users/mehdi/Sites/blindFoldTest/src/Controller/SampleController.php">
      <class name="BlindFoldTest\Controller\SampleController" namespace="global">
        <metrics complexity="1" methods="1" coveredmethods="1" conditionals="0" coveredconditionals="0" statements="1" coveredstatements="1" elements="2" coveredelements="2"/>
      </class>
      <line num="15" type="method" name="index" visibility="public" complexity="1" crap="1" count="1"/>
      <line num="17" type="stmt" count="1"/>
      <metrics loc="20" ncloc="20" classes="1" methods="1" coveredmethods="1" conditionals="0" coveredconditionals="0" statements="1" coveredstatements="1" elements="2" coveredelements="2"/>
    </file>
    <metrics files="2" loc="62" ncloc="54" classes="2" methods="4" coveredmethods="1" conditionals="0" coveredconditionals="0" statements="11" coveredstatements="1" elements="15" coveredelements="2"/>
  </project>
</coverage>
